c:\users\lluc\documents\carpeta\nuevacarpeta\uni\q8\vj\vj-fib\2dgame\02-bubble\02-bubble\release\vc143.pdb
c:\users\lluc\documents\carpeta\nuevacarpeta\uni\q8\vj\vj-fib\2dgame\02-bubble\02-bubble\release\tilemap.obj
c:\users\lluc\documents\carpeta\nuevacarpeta\uni\q8\vj\vj-fib\2dgame\02-bubble\02-bubble\release\texturedquad.obj
c:\users\lluc\documents\carpeta\nuevacarpeta\uni\q8\vj\vj-fib\2dgame\02-bubble\02-bubble\release\texture.obj
c:\users\lluc\documents\carpeta\nuevacarpeta\uni\q8\vj\vj-fib\2dgame\02-bubble\02-bubble\release\text.obj
c:\users\lluc\documents\carpeta\nuevacarpeta\uni\q8\vj\vj-fib\2dgame\02-bubble\02-bubble\release\sprite.obj
c:\users\lluc\documents\carpeta\nuevacarpeta\uni\q8\vj\vj-fib\2dgame\02-bubble\02-bubble\release\shaderprogram.obj
c:\users\lluc\documents\carpeta\nuevacarpeta\uni\q8\vj\vj-fib\2dgame\02-bubble\02-bubble\release\shader.obj
c:\users\lluc\documents\carpeta\nuevacarpeta\uni\q8\vj\vj-fib\2dgame\02-bubble\02-bubble\release\scene.obj
c:\users\lluc\documents\carpeta\nuevacarpeta\uni\q8\vj\vj-fib\2dgame\02-bubble\02-bubble\release\player.obj
c:\users\lluc\documents\carpeta\nuevacarpeta\uni\q8\vj\vj-fib\2dgame\02-bubble\02-bubble\release\object.obj
c:\users\lluc\documents\carpeta\nuevacarpeta\uni\q8\vj\vj-fib\2dgame\02-bubble\02-bubble\release\main.obj
c:\users\lluc\documents\carpeta\nuevacarpeta\uni\q8\vj\vj-fib\2dgame\02-bubble\02-bubble\release\hook.obj
c:\users\lluc\documents\carpeta\nuevacarpeta\uni\q8\vj\vj-fib\2dgame\02-bubble\02-bubble\release\gun.obj
c:\users\lluc\documents\carpeta\nuevacarpeta\uni\q8\vj\vj-fib\2dgame\02-bubble\02-bubble\release\game.obj
c:\users\lluc\documents\carpeta\nuevacarpeta\uni\q8\vj\vj-fib\2dgame\02-bubble\02-bubble\release\entity.obj
c:\users\lluc\documents\carpeta\nuevacarpeta\uni\q8\vj\vj-fib\2dgame\02-bubble\02-bubble\release\doublehook.obj
c:\users\lluc\documents\carpeta\nuevacarpeta\uni\q8\vj\vj-fib\2dgame\02-bubble\02-bubble\release\crab.obj
c:\users\lluc\documents\carpeta\nuevacarpeta\uni\q8\vj\vj-fib\2dgame\02-bubble\02-bubble\release\bubble.obj
c:\users\lluc\documents\carpeta\nuevacarpeta\uni\q8\vj\vj-fib\2dgame\02-bubble\02-bubble\release\bird.obj
c:\users\lluc\documents\carpeta\nuevacarpeta\uni\q8\vj\vj-fib\2dgame\02-bubble\02-bubble\release\stickyhook.obj
c:\users\lluc\documents\carpeta\nuevacarpeta\uni\q8\vj\vj-fib\2dgame\02-bubble\release\02-bubble.exe
c:\users\lluc\documents\carpeta\nuevacarpeta\uni\q8\vj\vj-fib\2dgame\02-bubble\release\02-bubble.pdb
c:\users\lluc\documents\carpeta\nuevacarpeta\uni\q8\vj\vj-fib\2dgame\02-bubble\02-bubble\release\02-bubble.ipdb
c:\users\lluc\documents\carpeta\nuevacarpeta\uni\q8\vj\vj-fib\2dgame\02-bubble\02-bubble\release\02-bubble.iobj
c:\users\lluc\documents\carpeta\nuevacarpeta\uni\q8\vj\vj-fib\2dgame\02-bubble\02-bubble\release\02-bubble.tlog\cl.command.1.tlog
c:\users\lluc\documents\carpeta\nuevacarpeta\uni\q8\vj\vj-fib\2dgame\02-bubble\02-bubble\release\02-bubble.tlog\cl.items.tlog
c:\users\lluc\documents\carpeta\nuevacarpeta\uni\q8\vj\vj-fib\2dgame\02-bubble\02-bubble\release\02-bubble.tlog\cl.read.1.tlog
c:\users\lluc\documents\carpeta\nuevacarpeta\uni\q8\vj\vj-fib\2dgame\02-bubble\02-bubble\release\02-bubble.tlog\cl.write.1.tlog
c:\users\lluc\documents\carpeta\nuevacarpeta\uni\q8\vj\vj-fib\2dgame\02-bubble\02-bubble\release\02-bubble.tlog\link.command.1.tlog
c:\users\lluc\documents\carpeta\nuevacarpeta\uni\q8\vj\vj-fib\2dgame\02-bubble\02-bubble\release\02-bubble.tlog\link.read.1.tlog
c:\users\lluc\documents\carpeta\nuevacarpeta\uni\q8\vj\vj-fib\2dgame\02-bubble\02-bubble\release\02-bubble.tlog\link.secondary.1.tlog
c:\users\lluc\documents\carpeta\nuevacarpeta\uni\q8\vj\vj-fib\2dgame\02-bubble\02-bubble\release\02-bubble.tlog\link.write.1.tlog
