c:\users\shado\desktop\vj-fib\2dgame\02-bubble\02-bubble\debug\vc143.pdb
c:\users\shado\desktop\vj-fib\2dgame\02-bubble\02-bubble\debug\vc143.idb
c:\users\shado\desktop\vj-fib\2dgame\02-bubble\02-bubble\debug\tilemap.obj
c:\users\shado\desktop\vj-fib\2dgame\02-bubble\02-bubble\debug\texture.obj
c:\users\shado\desktop\vj-fib\2dgame\02-bubble\02-bubble\debug\sprite.obj
c:\users\shado\desktop\vj-fib\2dgame\02-bubble\02-bubble\debug\shaderprogram.obj
c:\users\shado\desktop\vj-fib\2dgame\02-bubble\02-bubble\debug\shader.obj
c:\users\shado\desktop\vj-fib\2dgame\02-bubble\02-bubble\debug\scene.obj
c:\users\shado\desktop\vj-fib\2dgame\02-bubble\02-bubble\debug\player.obj
c:\users\shado\desktop\vj-fib\2dgame\02-bubble\02-bubble\debug\main.obj
c:\users\shado\desktop\vj-fib\2dgame\02-bubble\02-bubble\debug\game.obj
c:\users\shado\desktop\vj-fib\2dgame\02-bubble\02-bubble\debug\bubble.obj
c:\users\shado\desktop\vj-fib\2dgame\02-bubble\debug\02-bubble.exe
c:\users\shado\desktop\vj-fib\2dgame\02-bubble\debug\02-bubble.pdb
c:\users\shado\desktop\vj-fib\2dgame\02-bubble\02-bubble\debug\02-bubble.ilk
c:\users\shado\desktop\vj-fib\2dgame\02-bubble\02-bubble\debug\02-bubble.tlog\cl.command.1.tlog
c:\users\shado\desktop\vj-fib\2dgame\02-bubble\02-bubble\debug\02-bubble.tlog\cl.items.tlog
c:\users\shado\desktop\vj-fib\2dgame\02-bubble\02-bubble\debug\02-bubble.tlog\cl.read.1.tlog
c:\users\shado\desktop\vj-fib\2dgame\02-bubble\02-bubble\debug\02-bubble.tlog\cl.write.1.tlog
c:\users\shado\desktop\vj-fib\2dgame\02-bubble\02-bubble\debug\02-bubble.tlog\link.command.1.tlog
c:\users\shado\desktop\vj-fib\2dgame\02-bubble\02-bubble\debug\02-bubble.tlog\link.read.1.tlog
c:\users\shado\desktop\vj-fib\2dgame\02-bubble\02-bubble\debug\02-bubble.tlog\link.secondary.1.tlog
c:\users\shado\desktop\vj-fib\2dgame\02-bubble\02-bubble\debug\02-bubble.tlog\link.write.1.tlog
