  Bubble.cpp
C:\Users\Lluc\Documents\Carpeta\NuevaCarpeta\Uni\Q8\Vj\VJ-FIB\2DGame\02-Bubble\02-Bubble\Bubble.h(46,12): warning C4305: 'initializing': truncation from 'double' to 'float'
  (compiling source file 'Bubble.cpp')
  
C:\Users\Lluc\Documents\Carpeta\NuevaCarpeta\Uni\Q8\Vj\VJ-FIB\2DGame\02-Bubble\02-Bubble\Enemy.h(35,12): warning C4305: 'initializing': truncation from 'double' to 'float'
  (compiling source file 'Bubble.cpp')
  
C:\Users\Lluc\Documents\Carpeta\NuevaCarpeta\Uni\Q8\Vj\VJ-FIB\2DGame\02-Bubble\02-Bubble\Bubble.cpp(27,17): warning C4244: '+=': conversion from 'double' to 'float', possible loss of data
C:\Users\Lluc\Documents\Carpeta\NuevaCarpeta\Uni\Q8\Vj\VJ-FIB\2DGame\02-Bubble\02-Bubble\Bubble.cpp(28,32): warning C4244: '=': conversion from 'T' to 'T', possible loss of data
C:\Users\Lluc\Documents\Carpeta\NuevaCarpeta\Uni\Q8\Vj\VJ-FIB\2DGame\02-Bubble\02-Bubble\Bubble.cpp(28,32): warning C4244:         with
C:\Users\Lluc\Documents\Carpeta\NuevaCarpeta\Uni\Q8\Vj\VJ-FIB\2DGame\02-Bubble\02-Bubble\Bubble.cpp(28,32): warning C4244:         [
C:\Users\Lluc\Documents\Carpeta\NuevaCarpeta\Uni\Q8\Vj\VJ-FIB\2DGame\02-Bubble\02-Bubble\Bubble.cpp(28,32): warning C4244:             T=float
C:\Users\Lluc\Documents\Carpeta\NuevaCarpeta\Uni\Q8\Vj\VJ-FIB\2DGame\02-Bubble\02-Bubble\Bubble.cpp(28,32): warning C4244:         ]
C:\Users\Lluc\Documents\Carpeta\NuevaCarpeta\Uni\Q8\Vj\VJ-FIB\2DGame\02-Bubble\02-Bubble\Bubble.cpp(28,32): warning C4244:         and
C:\Users\Lluc\Documents\Carpeta\NuevaCarpeta\Uni\Q8\Vj\VJ-FIB\2DGame\02-Bubble\02-Bubble\Bubble.cpp(28,32): warning C4244:         [
C:\Users\Lluc\Documents\Carpeta\NuevaCarpeta\Uni\Q8\Vj\VJ-FIB\2DGame\02-Bubble\02-Bubble\Bubble.cpp(28,32): warning C4244:             T=int
C:\Users\Lluc\Documents\Carpeta\NuevaCarpeta\Uni\Q8\Vj\VJ-FIB\2DGame\02-Bubble\02-Bubble\Bubble.cpp(28,32): warning C4244:         ]
C:\Users\Lluc\Documents\Carpeta\NuevaCarpeta\Uni\Q8\Vj\VJ-FIB\2DGame\02-Bubble\02-Bubble\Bubble.cpp(29,46): warning C4244: '=': conversion from 'double' to 'T', possible loss of data
C:\Users\Lluc\Documents\Carpeta\NuevaCarpeta\Uni\Q8\Vj\VJ-FIB\2DGame\02-Bubble\02-Bubble\Bubble.cpp(29,46): warning C4244:         with
C:\Users\Lluc\Documents\Carpeta\NuevaCarpeta\Uni\Q8\Vj\VJ-FIB\2DGame\02-Bubble\02-Bubble\Bubble.cpp(29,46): warning C4244:         [
C:\Users\Lluc\Documents\Carpeta\NuevaCarpeta\Uni\Q8\Vj\VJ-FIB\2DGame\02-Bubble\02-Bubble\Bubble.cpp(29,46): warning C4244:             T=int
C:\Users\Lluc\Documents\Carpeta\NuevaCarpeta\Uni\Q8\Vj\VJ-FIB\2DGame\02-Bubble\02-Bubble\Bubble.cpp(29,46): warning C4244:         ]
C:\Users\Lluc\Documents\Carpeta\NuevaCarpeta\Uni\Q8\Vj\VJ-FIB\2DGame\02-Bubble\02-Bubble\Bubble.cpp(32,20): warning C4244: '-=': conversion from 'double' to 'float', possible loss of data
C:\Users\Lluc\Documents\Carpeta\NuevaCarpeta\Uni\Q8\Vj\VJ-FIB\2DGame\02-Bubble\02-Bubble\Bubble.cpp(33,33): warning C4244: '=': conversion from 'T' to 'T', possible loss of data
C:\Users\Lluc\Documents\Carpeta\NuevaCarpeta\Uni\Q8\Vj\VJ-FIB\2DGame\02-Bubble\02-Bubble\Bubble.cpp(33,33): warning C4244:         with
C:\Users\Lluc\Documents\Carpeta\NuevaCarpeta\Uni\Q8\Vj\VJ-FIB\2DGame\02-Bubble\02-Bubble\Bubble.cpp(33,33): warning C4244:         [
C:\Users\Lluc\Documents\Carpeta\NuevaCarpeta\Uni\Q8\Vj\VJ-FIB\2DGame\02-Bubble\02-Bubble\Bubble.cpp(33,33): warning C4244:             T=float
C:\Users\Lluc\Documents\Carpeta\NuevaCarpeta\Uni\Q8\Vj\VJ-FIB\2DGame\02-Bubble\02-Bubble\Bubble.cpp(33,33): warning C4244:         ]
C:\Users\Lluc\Documents\Carpeta\NuevaCarpeta\Uni\Q8\Vj\VJ-FIB\2DGame\02-Bubble\02-Bubble\Bubble.cpp(33,33): warning C4244:         and
C:\Users\Lluc\Documents\Carpeta\NuevaCarpeta\Uni\Q8\Vj\VJ-FIB\2DGame\02-Bubble\02-Bubble\Bubble.cpp(33,33): warning C4244:         [
C:\Users\Lluc\Documents\Carpeta\NuevaCarpeta\Uni\Q8\Vj\VJ-FIB\2DGame\02-Bubble\02-Bubble\Bubble.cpp(33,33): warning C4244:             T=int
C:\Users\Lluc\Documents\Carpeta\NuevaCarpeta\Uni\Q8\Vj\VJ-FIB\2DGame\02-Bubble\02-Bubble\Bubble.cpp(33,33): warning C4244:         ]
C:\Users\Lluc\Documents\Carpeta\NuevaCarpeta\Uni\Q8\Vj\VJ-FIB\2DGame\02-Bubble\02-Bubble\Bubble.cpp(34,47): warning C4244: '=': conversion from 'double' to 'T', possible loss of data
C:\Users\Lluc\Documents\Carpeta\NuevaCarpeta\Uni\Q8\Vj\VJ-FIB\2DGame\02-Bubble\02-Bubble\Bubble.cpp(34,47): warning C4244:         with
C:\Users\Lluc\Documents\Carpeta\NuevaCarpeta\Uni\Q8\Vj\VJ-FIB\2DGame\02-Bubble\02-Bubble\Bubble.cpp(34,47): warning C4244:         [
C:\Users\Lluc\Documents\Carpeta\NuevaCarpeta\Uni\Q8\Vj\VJ-FIB\2DGame\02-Bubble\02-Bubble\Bubble.cpp(34,47): warning C4244:             T=int
C:\Users\Lluc\Documents\Carpeta\NuevaCarpeta\Uni\Q8\Vj\VJ-FIB\2DGame\02-Bubble\02-Bubble\Bubble.cpp(34,47): warning C4244:         ]
C:\Users\Lluc\Documents\Carpeta\NuevaCarpeta\Uni\Q8\Vj\VJ-FIB\2DGame\02-Bubble\02-Bubble\Bubble.cpp(38,7): warning C4305: '=': truncation from 'double' to 'float'
C:\Users\Lluc\Documents\Carpeta\NuevaCarpeta\Uni\Q8\Vj\VJ-FIB\2DGame\02-Bubble\02-Bubble\Bubble.cpp(43,20): warning C4244: '-=': conversion from 'double' to 'float', possible loss of data
C:\Users\Lluc\Documents\Carpeta\NuevaCarpeta\Uni\Q8\Vj\VJ-FIB\2DGame\02-Bubble\02-Bubble\Bubble.cpp(44,33): warning C4244: '=': conversion from 'T' to 'T', possible loss of data
C:\Users\Lluc\Documents\Carpeta\NuevaCarpeta\Uni\Q8\Vj\VJ-FIB\2DGame\02-Bubble\02-Bubble\Bubble.cpp(44,33): warning C4244:         with
C:\Users\Lluc\Documents\Carpeta\NuevaCarpeta\Uni\Q8\Vj\VJ-FIB\2DGame\02-Bubble\02-Bubble\Bubble.cpp(44,33): warning C4244:         [
C:\Users\Lluc\Documents\Carpeta\NuevaCarpeta\Uni\Q8\Vj\VJ-FIB\2DGame\02-Bubble\02-Bubble\Bubble.cpp(44,33): warning C4244:             T=float
C:\Users\Lluc\Documents\Carpeta\NuevaCarpeta\Uni\Q8\Vj\VJ-FIB\2DGame\02-Bubble\02-Bubble\Bubble.cpp(44,33): warning C4244:         ]
C:\Users\Lluc\Documents\Carpeta\NuevaCarpeta\Uni\Q8\Vj\VJ-FIB\2DGame\02-Bubble\02-Bubble\Bubble.cpp(44,33): warning C4244:         and
C:\Users\Lluc\Documents\Carpeta\NuevaCarpeta\Uni\Q8\Vj\VJ-FIB\2DGame\02-Bubble\02-Bubble\Bubble.cpp(44,33): warning C4244:         [
C:\Users\Lluc\Documents\Carpeta\NuevaCarpeta\Uni\Q8\Vj\VJ-FIB\2DGame\02-Bubble\02-Bubble\Bubble.cpp(44,33): warning C4244:             T=int
C:\Users\Lluc\Documents\Carpeta\NuevaCarpeta\Uni\Q8\Vj\VJ-FIB\2DGame\02-Bubble\02-Bubble\Bubble.cpp(44,33): warning C4244:         ]
C:\Users\Lluc\Documents\Carpeta\NuevaCarpeta\Uni\Q8\Vj\VJ-FIB\2DGame\02-Bubble\02-Bubble\Bubble.cpp(45,47): warning C4244: '=': conversion from 'double' to 'T', possible loss of data
C:\Users\Lluc\Documents\Carpeta\NuevaCarpeta\Uni\Q8\Vj\VJ-FIB\2DGame\02-Bubble\02-Bubble\Bubble.cpp(45,47): warning C4244:         with
C:\Users\Lluc\Documents\Carpeta\NuevaCarpeta\Uni\Q8\Vj\VJ-FIB\2DGame\02-Bubble\02-Bubble\Bubble.cpp(45,47): warning C4244:         [
C:\Users\Lluc\Documents\Carpeta\NuevaCarpeta\Uni\Q8\Vj\VJ-FIB\2DGame\02-Bubble\02-Bubble\Bubble.cpp(45,47): warning C4244:             T=int
C:\Users\Lluc\Documents\Carpeta\NuevaCarpeta\Uni\Q8\Vj\VJ-FIB\2DGame\02-Bubble\02-Bubble\Bubble.cpp(45,47): warning C4244:         ]
C:\Users\Lluc\Documents\Carpeta\NuevaCarpeta\Uni\Q8\Vj\VJ-FIB\2DGame\02-Bubble\02-Bubble\Bubble.cpp(49,7): warning C4305: '=': truncation from 'double' to 'float'
  Enemy.cpp
C:\Users\Lluc\Documents\Carpeta\NuevaCarpeta\Uni\Q8\Vj\VJ-FIB\2DGame\02-Bubble\02-Bubble\Enemy.h(35,12): warning C4305: 'initializing': truncation from 'double' to 'float'
  (compiling source file 'Enemy.cpp')
  
C:\Users\Lluc\Documents\Carpeta\NuevaCarpeta\Uni\Q8\Vj\VJ-FIB\2DGame\02-Bubble\02-Bubble\Bubble.h(46,12): warning C4305: 'initializing': truncation from 'double' to 'float'
  (compiling source file 'Enemy.cpp')
  
C:\Users\Lluc\Documents\Carpeta\NuevaCarpeta\Uni\Q8\Vj\VJ-FIB\2DGame\02-Bubble\02-Bubble\Enemy.cpp(37,17): warning C4244: '+=': conversion from 'double' to 'float', possible loss of data
C:\Users\Lluc\Documents\Carpeta\NuevaCarpeta\Uni\Q8\Vj\VJ-FIB\2DGame\02-Bubble\02-Bubble\Enemy.cpp(38,22): warning C4244: '+=': conversion from 'double' to 'float', possible loss of data
C:\Users\Lluc\Documents\Carpeta\NuevaCarpeta\Uni\Q8\Vj\VJ-FIB\2DGame\02-Bubble\02-Bubble\Enemy.cpp(72,21): warning C4244: '=': conversion from 'float' to 'T', possible loss of data
C:\Users\Lluc\Documents\Carpeta\NuevaCarpeta\Uni\Q8\Vj\VJ-FIB\2DGame\02-Bubble\02-Bubble\Enemy.cpp(72,21): warning C4244:         with
C:\Users\Lluc\Documents\Carpeta\NuevaCarpeta\Uni\Q8\Vj\VJ-FIB\2DGame\02-Bubble\02-Bubble\Enemy.cpp(72,21): warning C4244:         [
C:\Users\Lluc\Documents\Carpeta\NuevaCarpeta\Uni\Q8\Vj\VJ-FIB\2DGame\02-Bubble\02-Bubble\Enemy.cpp(72,21): warning C4244:             T=int
C:\Users\Lluc\Documents\Carpeta\NuevaCarpeta\Uni\Q8\Vj\VJ-FIB\2DGame\02-Bubble\02-Bubble\Enemy.cpp(72,21): warning C4244:         ]
C:\Users\Lluc\Documents\Carpeta\NuevaCarpeta\Uni\Q8\Vj\VJ-FIB\2DGame\02-Bubble\02-Bubble\Enemy.cpp(73,21): warning C4244: '=': conversion from 'float' to 'T', possible loss of data
C:\Users\Lluc\Documents\Carpeta\NuevaCarpeta\Uni\Q8\Vj\VJ-FIB\2DGame\02-Bubble\02-Bubble\Enemy.cpp(73,21): warning C4244:         with
C:\Users\Lluc\Documents\Carpeta\NuevaCarpeta\Uni\Q8\Vj\VJ-FIB\2DGame\02-Bubble\02-Bubble\Enemy.cpp(73,21): warning C4244:         [
C:\Users\Lluc\Documents\Carpeta\NuevaCarpeta\Uni\Q8\Vj\VJ-FIB\2DGame\02-Bubble\02-Bubble\Enemy.cpp(73,21): warning C4244:             T=int
C:\Users\Lluc\Documents\Carpeta\NuevaCarpeta\Uni\Q8\Vj\VJ-FIB\2DGame\02-Bubble\02-Bubble\Enemy.cpp(73,21): warning C4244:         ]
  Game.cpp
C:\Users\Lluc\Documents\Carpeta\NuevaCarpeta\Uni\Q8\Vj\VJ-FIB\2DGame\02-Bubble\02-Bubble\Bubble.h(46,12): warning C4305: 'initializing': truncation from 'double' to 'float'
  (compiling source file 'Game.cpp')
  
C:\Users\Lluc\Documents\Carpeta\NuevaCarpeta\Uni\Q8\Vj\VJ-FIB\2DGame\02-Bubble\02-Bubble\Enemy.h(35,12): warning C4305: 'initializing': truncation from 'double' to 'float'
  (compiling source file 'Game.cpp')
  
  Player.cpp
C:\Users\Lluc\Documents\Carpeta\NuevaCarpeta\Uni\Q8\Vj\VJ-FIB\2DGame\02-Bubble\02-Bubble\Bubble.h(46,12): warning C4305: 'initializing': truncation from 'double' to 'float'
  (compiling source file 'Player.cpp')
  
C:\Users\Lluc\Documents\Carpeta\NuevaCarpeta\Uni\Q8\Vj\VJ-FIB\2DGame\02-Bubble\02-Bubble\Enemy.h(35,12): warning C4305: 'initializing': truncation from 'double' to 'float'
  (compiling source file 'Player.cpp')
  
C:\Users\Lluc\Documents\Carpeta\NuevaCarpeta\Uni\Q8\Vj\VJ-FIB\2DGame\02-Bubble\02-Bubble\Player.cpp(21,13): warning C4305: 'initializing': truncation from 'double' to 'float'
  Scene.cpp
C:\Users\Lluc\Documents\Carpeta\NuevaCarpeta\Uni\Q8\Vj\VJ-FIB\2DGame\02-Bubble\02-Bubble\Bubble.h(46,12): warning C4305: 'initializing': truncation from 'double' to 'float'
  (compiling source file 'Scene.cpp')
  
C:\Users\Lluc\Documents\Carpeta\NuevaCarpeta\Uni\Q8\Vj\VJ-FIB\2DGame\02-Bubble\02-Bubble\Enemy.h(35,12): warning C4305: 'initializing': truncation from 'double' to 'float'
  (compiling source file 'Scene.cpp')
  
  main.cpp
C:\Users\Lluc\Documents\Carpeta\NuevaCarpeta\Uni\Q8\Vj\VJ-FIB\2DGame\02-Bubble\02-Bubble\Bubble.h(46,12): warning C4305: 'initializing': truncation from 'double' to 'float'
  (compiling source file 'main.cpp')
  
C:\Users\Lluc\Documents\Carpeta\NuevaCarpeta\Uni\Q8\Vj\VJ-FIB\2DGame\02-Bubble\02-Bubble\Enemy.h(35,12): warning C4305: 'initializing': truncation from 'double' to 'float'
  (compiling source file 'main.cpp')
  
  Generating Code...
LINK : warning LNK4098: defaultlib 'MSVCRT' conflicts with use of other libs; use /NODEFAULTLIB:library
SOIL.lib(image_DXT.obj) : warning LNK4099: PDB '' was not found with 'SOIL.lib(image_DXT.obj)' or at ''; linking object as if no debug info
SOIL.lib(image_helper.obj) : warning LNK4099: PDB '' was not found with 'SOIL.lib(image_helper.obj)' or at ''; linking object as if no debug info
SOIL.lib(SOIL.obj) : warning LNK4099: PDB '' was not found with 'SOIL.lib(SOIL.obj)' or at ''; linking object as if no debug info
SOIL.lib(stb_image_aug.obj) : warning LNK4099: PDB '' was not found with 'SOIL.lib(stb_image_aug.obj)' or at ''; linking object as if no debug info
  02-Bubble.vcxproj -> C:\Users\Lluc\Documents\Carpeta\NuevaCarpeta\Uni\Q8\Vj\VJ-FIB\2DGame\02-Bubble\Debug\02-Bubble.exe
